<?xml version="1.0" encoding="UTF-8"?>
<!-- Generated by org.testng.reporters.JUnitXMLReporter -->
<testsuite hostname="Lenovo-PC" ignored="5" name="AmazonSearchSanityTestCases" tests="1" failures="1" timestamp="07 Nov 2021 05:51:47 GMT" time="23.228" errors="0">
  <testcase name="searchAmazon" time="23.181" classname="testcases.HomePageTestNG">
    <failure type="java.lang.NullPointerException">
      <![CDATA[java.lang.NullPointerExceptionat utils.Utilities.getTitle(Utilities.java:28)at testcases.HomePageTestNG.searchAmazon(HomePageTestNG.java:85)... Removed 25 stack frames]]>
    </failure>
  </testcase> <!-- searchAmazon -->
  <testcase name="testAmazon1" time="0.0" classname="testcases.HomePageTestNG">
    <ignored/>
  </testcase> <!-- testAmazon1 -->
  <testcase name="testAmazon" time="0.0" classname="testcases.HomePageTestNG">
    <ignored/>
  </testcase> <!-- testAmazon -->
  <testcase name="XYZAmazon1" time="0.0" classname="testcases.HomePageTestNG">
    <ignored/>
  </testcase> <!-- XYZAmazon1 -->
  <testcase name="ABCAmazon1" time="0.0" classname="testcases.HomePageTestNG">
    <ignored/>
  </testcase> <!-- ABCAmazon1 -->
  <testcase name="DEFAmazon1" time="0.0" classname="testcases.HomePageTestNG">
    <ignored/>
  </testcase> <!-- DEFAmazon1 -->
</testsuite> <!-- AmazonSearchSanityTestCases -->
