<?xml version="1.0" encoding="UTF-8"?>
<!-- Generated by org.testng.reporters.JUnitXMLReporter -->
<testsuite hostname="Lenovo-PC" ignored="6" name="DataProviderTests" tests="2" failures="0" timestamp="07 Nov 2021 08:06:13 GMT" time="33.003" errors="0">
  <testcase name="searchAmazon_useDataProvider" time="17.778" classname="testcases.HomePageTestNG"/>
  <testcase name="searchAmazon_useDataProvider" time="15.194" classname="testcases.HomePageTestNG"/>
  <testcase name="testAmazon1" time="0.0" classname="testcases.HomePageTestNG">
    <ignored/>
  </testcase> <!-- testAmazon1 -->
  <testcase name="testAmazon" time="0.0" classname="testcases.HomePageTestNG">
    <ignored/>
  </testcase> <!-- testAmazon -->
  <testcase name="XYZAmazon1" time="0.0" classname="testcases.HomePageTestNG">
    <ignored/>
  </testcase> <!-- XYZAmazon1 -->
  <testcase name="ABCAmazon1" time="0.0" classname="testcases.HomePageTestNG">
    <ignored/>
  </testcase> <!-- ABCAmazon1 -->
  <testcase name="searchAmazon" time="0.0" classname="testcases.HomePageTestNG">
    <ignored/>
  </testcase> <!-- searchAmazon -->
  <testcase name="DEFAmazon1" time="0.0" classname="testcases.HomePageTestNG">
    <ignored/>
  </testcase> <!-- DEFAmazon1 -->
</testsuite> <!-- DataProviderTests -->
