<?xml version="1.0" encoding="UTF-8"?>
<!-- Generated by org.testng.reporters.JUnitXMLReporter -->
<testsuite hostname="Lenovo-PC" ignored="9" name="AmazonSanityTestCase" tests="2" failures="1" timestamp="06 Dec 2021 15:30:10 GMT" time="37.008" errors="0">
  <testcase name="testSanity" time="0.022" classname="testcases.HomePageTestNG">
    <failure type="java.lang.AssertionError" message="expected [Title1] but found [Online Shopping site in India: Shop Online for Mobiles, Books, Watches, Shoes and More - Amazon.in]">
      <![CDATA[java.lang.AssertionError: expected [Title1] but found [Online Shopping site in India: Shop Online for Mobiles, Books, Watches, Shoes and More - Amazon.in]at testcases.HomePageTestNG.testSanity(HomePageTestNG.java:212)... Removed 31 stack frames]]>
    </failure>
  </testcase> <!-- testSanity -->
  <testcase name="testSanity1" time="0.534" classname="testcases.HomePageTestNG"/>
  <testcase name="testAmazon1" time="0.0" classname="testcases.HomePageTestNG">
    <ignored/>
  </testcase> <!-- testAmazon1 -->
  <testcase name="testAmazon" time="0.0" classname="testcases.HomePageTestNG">
    <ignored/>
  </testcase> <!-- testAmazon -->
  <testcase name="XYZAmazon1" time="0.0" classname="testcases.HomePageTestNG">
    <ignored/>
  </testcase> <!-- XYZAmazon1 -->
  <testcase name="ABCAmazon1" time="0.0" classname="testcases.HomePageTestNG">
    <ignored/>
  </testcase> <!-- ABCAmazon1 -->
  <testcase name="searchAmazon" time="0.0" classname="testcases.HomePageTestNG">
    <ignored/>
  </testcase> <!-- searchAmazon -->
  <testcase name="testSanity1" time="0.0" classname="testcases.HomePageTestNG">
    <ignored/>
  </testcase> <!-- testSanity1 -->
  <testcase name="DEFAmazon1" time="0.0" classname="testcases.HomePageTestNG">
    <ignored/>
  </testcase> <!-- DEFAmazon1 -->
  <testcase name="searchAmazon_useDataProvider" time="0.0" classname="testcases.HomePageTestNG">
    <ignored/>
  </testcase> <!-- searchAmazon_useDataProvider -->
  <testcase name="testExcelData" time="0.0" classname="testcases.HomePageTestNG">
    <ignored/>
  </testcase> <!-- testExcelData -->
</testsuite> <!-- AmazonSanityTestCase -->
